*******************************************
***COMSOL 6.2.0.290 progress output file***
*******************************************
Thu Jan 16 16:07:17 EST 2025
COMSOL Multiphysics 6.2 (Build: 290) starting in batch mode
Opening file: /storage/work/lab396/lindsay_git/RC_Test_Jobs/comsol/effective_diffusivity.mph
Open time: 11 s.
Running: Study 1
<---- Compile Equations: Time Dependent in Study 1/Solution 1 (sol1) -----------
Started at Jan 16, 2025, 4:07:30 PM.
Geometry shape function: Linear Lagrange
Geometry shape function: Linear Lagrange
Running on 2 x Intel(R) Xeon(R) CPU E5-2650 v4 at 2.20 GHz.
Using 1 socket with 4 cores in total on p-bc-5018.
Available memory: 128.81 GB.
           Current Progress:   2 % - Compile Equations: Time Dependent
Memory: 796/796 7813/7813
Time: 2 s.
Physical memory: 796 MB
Virtual memory: 7815 MB
Ended at Jan 16, 2025, 4:07:32 PM.
----- Compile Equations: Time Dependent in Study 1/Solution 1 (sol1) ---------->
<---- Dependent Variables 1 in Study 1/Solution 1 (sol1) -----------------------
Started at Jan 16, 2025, 4:07:32 PM.
           Current Progress:   2 % - Dependent Variables 1
Memory: 803/803 7815/7815
Solution time: 0 s.
Physical memory: 803 MB
Virtual memory: 7815 MB
Ended at Jan 16, 2025, 4:07:32 PM.
----- Dependent Variables 1 in Study 1/Solution 1 (sol1) ---------------------->
<---- Time-Dependent Solver 1 in Study 1/Solution 1 (sol1) ---------------------
Started at Jan 16, 2025, 4:07:32 PM.
Time-dependent solver (BDF)
Number of degrees of freedom solved for: 11408 (plus 23466 internal DOFs).
Symmetric matrices found.
Scales for dependent variables:
Concentration (comp1.c): 3
           Current Progress:   4 % - Matrix factorization
Memory: 835/835 7955/7955
Step        Time    Stepsize      Res  Jac  Sol Order Tfail NLfail   LinErr   LinRes
   0           0           - out    4    3    4                  0  2.2e-16  2.1e-16
           Current Progress:   4 % - Assembling matrices
Memory: 848/848 7955/7955
   1  2.4459e-07  4.4595e-08        6    4    6     1     0      0  2.5e-16  2.5e-16
   2  2.8919e-07  4.4595e-08        8    5    8     1     0      0  2.5e-16  2.5e-16
   3  3.7838e-07   8.919e-08       10    6   10     2     0      0  2.8e-16  2.8e-16
   4  5.5676e-07  1.7838e-07       12    7   12     2     0      0  2.1e-16    2e-16
   5  9.1352e-07  3.5676e-07       14    8   14     2     0      0  2.3e-16  2.3e-16
           Current Progress:   4 % - Solving linear system
   6  1.2703e-06  3.5676e-07       16    9   16     2     0      0  2.2e-16  2.2e-16
   7   1.627e-06  3.5676e-07       18   10   18     2     0      0  2.1e-16  2.1e-16
   8  1.9838e-06  3.5676e-07       20   11   20     2     0      0  2.5e-16  2.4e-16
   9  2.6973e-06  7.1352e-07       22   12   22     2     0      0  2.3e-16  2.3e-16
  10  3.4108e-06  7.1352e-07       24   13   24     2     0      0  2.4e-16  2.6e-16
           Current Progress:   4 % - Assembling matrices
  11  4.8379e-06   1.427e-06       26   14   26     2     0      0  2.5e-16  2.9e-16
  12  6.2649e-06   1.427e-06       28   15   28     2     0      0  2.5e-16  3.2e-16
  13  7.6919e-06   1.427e-06       30   16   30     2     0      0  2.5e-16  3.2e-16
  14  1.0546e-05  2.8541e-06       32   17   32     2     0      0  2.8e-16  4.6e-16
  15    1.34e-05  2.8541e-06       34   18   34     2     0      0  3.1e-16  4.7e-16
  16  1.6254e-05  2.8541e-06       36   19   36     2     0      0    3e-16  4.8e-16
  17  1.9108e-05  2.8541e-06       38   20   38     2     0      0  2.5e-16  4.5e-16
  18  2.4816e-05  5.7082e-06       40   21   40     2     0      0  4.3e-16  8.7e-16
  19  3.0525e-05  5.7082e-06       42   22   42     2     0      0  4.5e-16  1.1e-15
  20  3.6233e-05  5.7082e-06       44   23   44     2     0      0  4.1e-16  1.1e-15
  21  4.1941e-05  5.7082e-06       46   24   46     2     0      0  3.7e-16  1.1e-15
  22  5.3357e-05  1.1416e-05       48   25   48     2     0      0  6.1e-16  1.9e-15
  23  6.4773e-05  1.1416e-05       50   26   50     2     0      0  4.7e-16  1.8e-15
  24   7.619e-05  1.1416e-05       52   27   52     2     0      0  5.5e-16    2e-15
  25  8.7606e-05  1.1416e-05       54   28   54     2     0      0  5.1e-16  1.8e-15
  26  9.9022e-05  1.1416e-05       56   29   56     2     0      0  5.9e-16  1.8e-15
  27  0.00012185  2.2833e-05       58   30   58     2     0      0  6.6e-16  2.7e-15
  28  0.00014469  2.2833e-05       60   31   60     2     0      0  7.9e-16  2.6e-15
  29  0.00016752  2.2833e-05       62   32   62     2     0      0  6.3e-16  2.4e-15
  30  0.00019035  2.2833e-05       64   33   64     2     0      0  8.6e-16  2.5e-15
  31  0.00023602  4.5665e-05       66   34   66     2     0      0  1.3e-15  3.9e-15
  32  0.00028168  4.5665e-05       68   35   68     2     0      0    1e-15  4.6e-15
           Current Progress:   5 % - Assembling matrices
Memory: 849/849 7955/7955
  33  0.00032735  4.5665e-05       70   36   70     2     0      0    1e-15  4.3e-15
  34  0.00037301  4.5665e-05       72   37   72     2     0      0  8.9e-16  4.3e-15
  35  0.00041868  4.5665e-05       74   38   74     2     0      0  1.2e-15  4.6e-15
  36  0.00051001   9.133e-05       76   39   76     2     0      0  1.9e-15  7.9e-15
  37  0.00060134   9.133e-05       78   40   78     2     0      0  1.5e-15  9.7e-15
  38  0.00069267   9.133e-05       80   41   80     2     0      0  1.7e-15  1.1e-14
  39    0.000784   9.133e-05       82   42   82     2     0      0  1.3e-15  1.3e-14
  40  0.00096666  0.00018266       84   43   84     2     0      0  2.5e-15  2.5e-14
  41   0.0011493  0.00018266       86   44   86     2     0      0  2.1e-15  2.6e-14
  42    0.001332  0.00018266       88   45   88     2     0      0  2.5e-15  2.5e-14
  43   0.0015146  0.00018266       90   46   90     2     0      0  3.5e-15  2.7e-14
  44   0.0016973  0.00018266       92   47   92     2     0      0  2.1e-15  2.6e-14
  45     0.00188  0.00018266       94   48   94     2     0      0    3e-15  2.7e-14
   -       0.002           - out
  46   0.0022453  0.00036532       96   49   96     2     0      0  5.7e-15  4.9e-14
           Current Progress:   6 % - Assembling matrices
  47   0.0026106  0.00036532       98   50   98     2     0      0  3.7e-15  4.9e-14
  48   0.0029759  0.00036532      100   51  100     2     0      0    5e-15  4.8e-14
  49   0.0033413  0.00036532      102   52  102     2     0      0  4.7e-15  5.1e-14
  50   0.0037066  0.00036532      104   53  104     2     0      0  4.3e-15  5.1e-14
   -       0.004           - out
           Current Progress:   8 % - Solving linear system
  51   0.0040719  0.00036532      106   54  106     2     0      0  5.1e-15  5.3e-14
  52   0.0048025  0.00073064      108   55  108     2     0      0    6e-15  9.8e-14
  53   0.0055332  0.00073064      110   56  110     2     0      0  6.4e-15  9.9e-14
   -       0.006           - out
  54   0.0062638  0.00073064      112   57  112     2     0      0  4.5e-15    1e-13
  55   0.0069945  0.00073064      114   58  114     2     0      0  5.7e-15    1e-13
-          Current Progress:  11 % - Assembling matrices
  56   0.0077251  0.00073064      116   59  116     2     0      0  6.1e-15    1e-13
   -       0.008           - out
  57   0.0084558  0.00073064      118   60  118     2     0      0    7e-15  1.1e-13
  58    0.009917   0.0014613      120   61  120     2     0      0  8.6e-15  1.9e-13
   -        0.01           - out
  59    0.011378   0.0014613      122   62  122     2     0      0  1.2e-14  1.9e-13
-          Current Progress:  15 % - Matrix factorization
   -       0.012           - out
  60     0.01284   0.0014613      124   63  124     2     0      0  8.1e-15  1.9e-13
   -       0.014           - out
  61    0.014301   0.0014613      126   64  126     2     0      0  8.4e-15    2e-13
  62    0.015762   0.0014613      128   65  128     2     0      0  7.9e-15    2e-13
   -       0.016           - out
   -       0.018           - out
  63    0.018685   0.0029226      130   66  130     2     0      0  1.7e-14  3.9e-13
--         Current Progress:  22 % - Matrix factorization
Memory: 851/851 7955/7955
   -        0.02           - out
  64    0.021607   0.0029226      132   67  132     2     0      0  1.5e-14  4.2e-13
   -       0.022           - out
   -       0.024           - out
  65     0.02453   0.0029226      134   68  134     2     0      0  1.3e-14  4.1e-13
   -       0.026           - out
  66    0.027452   0.0029226      136   69  136     2     0      0    1e-14  4.3e-13
   -       0.028           - out
---        Current Progress:  33 % - Assembling matrices
Memory: 854/854 7955/7955
   -        0.03           - out
  67    0.030375   0.0029226      138   70  138     2     0      0  1.2e-14  4.3e-13
   -       0.032           - out
  68    0.033298   0.0029226      140   71  140     2     0      0  1.5e-14  4.3e-13
   -       0.034           - out
   -       0.036           - out
  69     0.03622   0.0029226      142   72  142     2     0      0  1.4e-14  4.3e-13
   -       0.038           - out
   -        0.04           - out
   -       0.042           - out
  70    0.042065   0.0058451      144   73  144     2     0      0  1.6e-14  7.6e-13
----       Current Progress:  45 % - Assembling matrices
Memory: 857/857 7955/7955
   -       0.044           - out
   -       0.046           - out
  71    0.047911   0.0058451      146   74  146     2     0      0  3.2e-14  7.4e-13
   -       0.048           - out
   -        0.05           - out
   -       0.052           - out
  72    0.053756   0.0058451      148   75  148     2     0      0  1.6e-14  7.5e-13
   -       0.054           - out
   -       0.056           - out
   -       0.058           - out
  73    0.059601   0.0058451      150   76  150     2     0      0  2.3e-14  7.5e-13
------     Current Progress:  61 % - 
Memory: 861/861 7955/7955
   -        0.06           - out
   -       0.062           - out
   -       0.064           - out
  74    0.065446   0.0058451      152   77  152     2     0      0    3e-14  7.4e-13
   -       0.066           - out
   -       0.068           - out
-------    Current Progress:  76 % - Assembling matrices
Memory: 848/861 7955/7955
   -        0.07           - out
   -       0.072           - out
   -       0.074           - out
  75    0.075446        0.01      154   78  154     2     0      0  3.1e-14  1.1e-12
   -       0.076           - out
   -       0.078           - out
   -        0.08           - out
   -       0.082           - out
   -       0.084           - out
  76    0.085446        0.01      156   79  156     2     0      0    6e-14  1.1e-12
   -       0.086           - out
   -       0.088           - out
   -        0.09           - out
   -       0.092           - out
   -       0.094           - out
---------  Current Progress:  96 % - Assembling matrices
Memory: 854/861 7955/7955
  77    0.095446        0.01      158   80  158     2     0      0  3.8e-14  1.1e-12
   -       0.096           - out
   -       0.098           - out
   -         0.1           - out
  78     0.10545        0.01      160   81  160     2     0      0  4.1e-14  1.1e-12
Time-stepping completed.
---------- Current Progress: 100 % - 
Memory: 856/861 7955/7955
Solution time: 6 s.
Physical memory: 861 MB
Virtual memory: 7955 MB
Ended at Jan 16, 2025, 4:07:38 PM.
----- Time-Dependent Solver 1 in Study 1/Solution 1 (sol1) -------------------->
Running: Study 2
<---- Compile Equations: Time Dependent in Study 2/Solution 2 (sol2) -----------
Started at Jan 16, 2025, 4:07:40 PM.
Geometry shape function: Linear Lagrange
Geometry shape function: Linear Lagrange
Running on 2 x Intel(R) Xeon(R) CPU E5-2650 v4 at 2.20 GHz.
Using 1 socket with 4 cores in total on p-bc-5018.
Available memory: 128.81 GB.
           Current Progress:   2 % - Compile Equations: Time Dependent
Memory: 926/926 7957/7957
Time: 1 s.
Physical memory: 928 MB
Virtual memory: 7957 MB
Ended at Jan 16, 2025, 4:07:41 PM.
----- Compile Equations: Time Dependent in Study 2/Solution 2 (sol2) ---------->
<---- Dependent Variables 1 in Study 2/Solution 2 (sol2) -----------------------
Started at Jan 16, 2025, 4:07:41 PM.
           Current Progress:   2 % - Dependent Variables 1
Memory: 928/928 7957/7957
Solution time: 0 s.
Physical memory: 928 MB
Virtual memory: 7957 MB
Ended at Jan 16, 2025, 4:07:41 PM.
----- Dependent Variables 1 in Study 2/Solution 2 (sol2) ---------------------->
<---- Time-Dependent Solver 1 in Study 2/Solution 2 (sol2) ---------------------
Started at Jan 16, 2025, 4:07:41 PM.
Time-dependent solver (BDF)
Number of degrees of freedom solved for: 51 (plus 52 internal DOFs).
Symmetric matrices found.
Scales for dependent variables:
Concentration (comp2.c2): 3
Step        Time    Stepsize      Res  Jac  Sol Order Tfail NLfail   LinErr   LinRes
   0           0           - out    3    3    3                  0  2.4e-16  1.5e-16
   1  4.8642e-07  2.8642e-07        5    4    5     1     0      0  1.4e-16  1.6e-16
   2  7.7284e-07  2.8642e-07        7    5    7     1     0      0  1.5e-16  1.7e-16
   4  2.4914e-06  1.1457e-06        9    7    9     2     0      0  5.5e-17  4.4e-17
   6  7.0741e-06  2.2914e-06       13    9   13     2     0      0  9.2e-17  9.6e-17
   8  1.6239e-05  4.5827e-06       17   11   17     2     0      0  1.2e-16  1.5e-16
  10  2.5405e-05  4.5827e-06       21   13   21     2     0      0  1.8e-16  1.8e-16
  12  3.9153e-05  9.1654e-06       25   15   25     2     0      0  1.5e-16  1.5e-16
  13  4.8318e-05  9.1654e-06       27   16   27     2     0      0  1.1e-16    1e-16
  15  6.6649e-05  9.1654e-06       31   18   31     2     0      0  1.5e-16  1.4e-16
  17  0.00010331  1.8331e-05       35   20   35     2     0      0  1.4e-16  1.5e-16
  19  0.00013997  1.8331e-05       39   22   39     2     0      0  7.6e-17  9.1e-17
  21  0.00019497  3.6662e-05       43   24   43     2     0      0    2e-16  2.9e-16
  23  0.00026829  3.6662e-05       47   26   47     2     0      0  1.3e-16  1.5e-16
  25  0.00034161  3.6662e-05       51   28   51     2     0      0  1.8e-16  2.5e-16
  27  0.00048826  7.3323e-05       55   30   55     2     0      0  1.4e-16  2.3e-16
  29   0.0006349  7.3323e-05       59   32   59     2     0      0  1.4e-16  2.7e-16
           Current Progress:   5 % - Solving linear system
Memory: 929/929 7957/7957
  31  0.00085487  0.00014665       63   34   63     2     0      0  2.4e-16  3.6e-16
  33   0.0011482  0.00014665       67   36   67     2     0      0  3.1e-16  4.9e-16
  35   0.0014415  0.00014665       71   38   71     2     0      0  3.3e-16  6.7e-16
   -       0.002           - out
  37    0.002028  0.00029329       75   40   75     2     0      0  1.4e-16  9.7e-16
  39   0.0026146  0.00029329       79   42   79     2     0      0    3e-16  8.6e-16
  41   0.0032012  0.00029329       83   44   83     2     0      0  2.1e-16    1e-15
   -       0.004           - out
  43   0.0043744  0.00058659       87   46   87     2     0      0  4.8e-16  1.7e-15
  45   0.0055476  0.00058659       91   48   91     2     0      0  4.5e-16  2.2e-15
   -       0.006           - out
  46   0.0061342  0.00058659       93   49   93     2     0      0  3.6e-16  1.3e-15
  47   0.0067207  0.00058659       95   50   95     2     0      0  5.4e-16  2.1e-15
   -       0.008           - out
  49   0.0090671   0.0011732       99   52   99     2     0      0  3.9e-15    5e-15
  50     0.01024   0.0011732      101   53  101     2     0      0  3.6e-15  5.1e-15
   -       0.012           - out
  52    0.012587   0.0011732      105   55  105     2     0      0  3.3e-15  4.3e-15
   -       0.014           - out
   -       0.016           - out
  54    0.016106   0.0023463      109   57  109     2     0      0  3.9e-15  7.1e-15
  55    0.018452   0.0023463      111   58  111     2     0      0  5.5e-15  7.9e-15
  56    0.020799   0.0023463      113   59  113     2     0      0    4e-15    9e-15
  57    0.023145   0.0023463      115   60  115     2     0      0  3.8e-15  9.4e-15
  58    0.025492   0.0023463      117   61  117     2     0      0  3.1e-15  8.6e-15
  59    0.027838   0.0023463      119   62  119     2     0      0  3.2e-15  9.5e-15
   -        0.03           - out
   -       0.032           - out
  60    0.032531   0.0046927      121   63  121     2     0      0  2.5e-15  1.1e-14
  61    0.037223   0.0046927      123   64  123     2     0      0  3.7e-15  1.6e-14
  62    0.041916   0.0046927      125   65  125     2     0      0  3.2e-15  1.7e-14
   -       0.046           - out
  63    0.046609   0.0046927      127   66  127     2     0      0  2.7e-15  1.5e-14
  64    0.051301   0.0046927      129   67  129     2     0      0  2.7e-15  1.5e-14
  65    0.055994   0.0046927      131   68  131     2     0      0  3.1e-15  1.2e-14
   -        0.06           - out
   -       0.062           - out
   -       0.064           - out
  66    0.065379   0.0093854      133   69  133     2     0      0  1.4e-14  2.5e-14
   -        0.07           - out
   -       0.072           - out
   -       0.074           - out
  67    0.074765   0.0093854      135   70  135     2     0      0  9.9e-15  2.8e-14
   -       0.076           - out
   -       0.078           - out
   -        0.08           - out
   -       0.082           - out
   -       0.084           - out
  68     0.08415   0.0093854      137   71  137     2     0      0  1.5e-14  3.2e-14
   -        0.09           - out
   -       0.092           - out
  69    0.093536   0.0093854      139   72  139     2     0      0  1.2e-14  3.1e-14
---------  Current Progress:  94 % - Constraint handling
   -       0.094           - out
   -       0.096           - out
   -       0.098           - out
   -         0.1           - out
  70     0.10354        0.01      141   73  141     2     0      0  9.4e-15  2.6e-14
Time-stepping completed.
---------- Current Progress: 100 % - 
Solution time: 1 s.
Physical memory: 929 MB
Virtual memory: 7957 MB
Ended at Jan 16, 2025, 4:07:42 PM.
----- Time-Dependent Solver 1 in Study 2/Solution 2 (sol2) -------------------->
Run time: 14 s.
Saving model: /storage/work/lab396/lindsay_git/RC_Test_Jobs/comsol/effective_diffusivity_OUT.mph
Save time: 1 s.
Total time: 26 s.
---------- Current Progress: 100 % - Done
Memory: 949/949 8037/8037
